<?xml version="1.0" encoding="UTF-8"?>
<testsuites name="TS-login-logout" time="60.831" tests="2" failures="0" errors="0">
   <testsuite name="TS-login-logout" tests="2" failures="0" errors="0" time="60.831" skipped="0" timestamp="2023-07-31 04:51:13" hostname="acer - anehsialan" id="Test Suites/TS-login-logout">
      <properties>
         <property name="deviceName" value=""/>
         <property name="devicePlatform" value=""/>
         <property name="logFolder" value="C:\\Users\\acer\\Katalon Studio\\ImplementKeyword\\Reports\\20230731_045102\\TS-login-logout\\20230731_045102"/>
         <property name="logFiles" value="C:\\Users\\acer\\Katalon Studio\\ImplementKeyword\\Reports\\20230731_045102\\TS-login-logout\\20230731_045102\\execution0.log"/>
         <property name="attachments" value=""/>
         <property name="hostName" value="acer - anehsialan"/>
         <property name="os" value="Windows 11 64bit"/>
         <property name="katalonVersion" value="8.6.5.208"/>
         <property name="browser" value="Chrome 115.0.0.0"/>
         <property name="hostAddress" value="192.168.56.170"/>
         <property name="sessionId" value="0424a6f4d6de08e611bb7acdf42627f2"/>
         <property name="seleniumVersion" value="3.141.59"/>
         <property name="proxyInformation" value="ProxyInformation { proxyOption=NO_PROXY, proxyServerType=HTTP, username=, password=********, proxyServerAddress=, proxyServerPort=0, executionList=&quot;&quot;, isApplyToDesiredCapabilities=true }"/>
         <property name="platform" value="Windows 11"/>
      </properties>
      <testcase name="Test Cases/Reuse TC/RTC-01 login" time="20.715" classname="Test Cases/Reuse TC/RTC-01 login" status="PASSED">
         <system-out><![CDATA[2023-07-31 04:51:13 - [TEST_CASE][PASSED] - Test Cases/Reuse TC/RTC-01 login: Test Cases/Reuse TC/RTC-01 login

2023-07-31 04:51:13 - [TEST_STEP][PASSED] - openBrowser(""): Browser is opened with url: ''

2023-07-31 04:51:14 - [MESSAGE][INFO] - Starting 'Chrome' driver

2023-07-31 04:51:14 - [MESSAGE][INFO] - Action delay is set to 1,000 milliseconds

2023-07-31 04:51:16 - [MESSAGE][PASSED] - Browser is opened with url: ''

2023-07-31 04:51:16 - [TEST_STEP][PASSED] - navigateToUrl(URL): Navigate to 'https://katalon-demo-cura.herokuapp.com/' successfully

2023-07-31 04:51:22 - [MESSAGE][PASSED] - Navigate to 'https://katalon-demo-cura.herokuapp.com/' successfully

2023-07-31 04:51:22 - [TEST_STEP][PASSED] - maximizeWindow(): Current window maximized

2023-07-31 04:51:22 - [MESSAGE][PASSED] - Current window maximized

2023-07-31 04:51:22 - [TEST_STEP][PASSED] - click(findTestObject("Page_CURA Healthcare Service/BtnMakeAppointment")): Object: 'Object Repository/Page_CURA Healthcare Service/BtnMakeAppointment' is clicked on

2023-07-31 04:51:24 - [MESSAGE][PASSED] - Object: 'Object Repository/Page_CURA Healthcare Service/BtnMakeAppointment' is clicked on

2023-07-31 04:51:24 - [TEST_STEP][PASSED] - setText(findTestObject("Page_CURA Healthcare Service/txtUsername"), NAME): Text 'John Doe' is set on object 'Object Repository/Page_CURA Healthcare Service/txtUsername'

2023-07-31 04:51:27 - [MESSAGE][PASSED] - Text 'John Doe' is set on object 'Object Repository/Page_CURA Healthcare Service/txtUsername'

2023-07-31 04:51:27 - [TEST_STEP][PASSED] - setEncryptedText(findTestObject("Page_CURA Healthcare Service/txtPassword"), PASS): Text ****** has been set on object 'Object Repository/Page_CURA Healthcare Service/txtPassword'

2023-07-31 04:51:30 - [MESSAGE][PASSED] - Text ****** has been set on object 'Object Repository/Page_CURA Healthcare Service/txtPassword'

2023-07-31 04:51:30 - [TEST_STEP][PASSED] - click(findTestObject("Page_CURA Healthcare Service/btnLogin")): Object: 'Object Repository/Page_CURA Healthcare Service/btnLogin' is clicked on

2023-07-31 04:51:34 - [MESSAGE][PASSED] - Object: 'Object Repository/Page_CURA Healthcare Service/btnLogin' is clicked on]]></system-out>
         <system-err><![CDATA[]]></system-err>
      </testcase>
      <testcase name="Test Cases/Reuse TC/RTC-02 logout" time="39.763" classname="Test Cases/Reuse TC/RTC-02 logout" status="PASSED">
         <system-out><![CDATA[2023-07-31 04:51:34 - [TEST_CASE][PASSED] - Test Cases/Reuse TC/RTC-02 logout: Test Cases/Reuse TC/RTC-02 logout

2023-07-31 04:51:34 - [TEST_STEP][PASSED] - click(findTestObject("Page_CURA Healthcare Service/btnGo to Homepage")): Object: 'Object Repository/Page_CURA Healthcare Service/btnGo to Homepage' is clicked on

2023-07-31 04:52:06 - [MESSAGE][INFO] - Unable to find the element located by 'By.xpath: //section[@id='summary']/div/div/div[7]/p/a'. Please recheck the objects properties to make sure the desired element is located. 

2023-07-31 04:52:06 - [MESSAGE][WARNING] - [SELF-HEALING] Failed to find element with id 'Object Repository/Page_CURA Healthcare Service/btnGo to Homepage'. Try using Self-healing.

2023-07-31 04:52:06 - [MESSAGE][INFO] - [SELF-HEALING] Failed Locator: '//section[@id='summary']/div/div/div[7]/p/a'.

2023-07-31 04:52:06 - [MESSAGE][INFO] - [SELF-HEALING] Failed Locator: '//a[contains(text(),'Go to Homepage')]'.

2023-07-31 04:52:07 - [MESSAGE][INFO] - [SELF-HEALING] Working Locator: '(.//*[normalize-space(text()) and normalize-space(.)='Comment'])[1]/following::a[1]'.

2023-07-31 04:52:07 - [MESSAGE][INFO] - [SELF-HEALING] Screenshot: C:/Users/acer/Katalon Studio/ImplementKeyword/Reports/Self-healing/Object Repository/Page_CURA Healthcare Service/btnGo to Homepage_neighbor.png

2023-07-31 04:52:07 - [MESSAGE][WARNING] - [SELF-HEALING] The current locator of test object 'Object Repository/Page_CURA Healthcare Service/btnGo to Homepage' was broken. Propose an alternative one: '(.//*[normalize-space(text()) and normalize-space(.)='Comment'])[1]/following::a[1]'.

2023-07-31 04:52:08 - [MESSAGE][PASSED] - Object: 'Object Repository/Page_CURA Healthcare Service/btnGo to Homepage' is clicked on

2023-07-31 04:52:08 - [TEST_STEP][PASSED] - click(findTestObject("Page_CURA Healthcare Service/idCURA Healthcare_menu-toggle")): Object: 'Object Repository/Page_CURA Healthcare Service/idCURA Healthcare_menu-toggle' is clicked on

2023-07-31 04:52:10 - [MESSAGE][PASSED] - Object: 'Object Repository/Page_CURA Healthcare Service/idCURA Healthcare_menu-toggle' is clicked on

2023-07-31 04:52:10 - [TEST_STEP][PASSED] - click(findTestObject("Page_CURA Healthcare Service/btnLogout")): Object: 'Object Repository/Page_CURA Healthcare Service/btnLogout' is clicked on

2023-07-31 04:52:13 - [MESSAGE][PASSED] - Object: 'Object Repository/Page_CURA Healthcare Service/btnLogout' is clicked on

2023-07-31 04:52:13 - [TEST_STEP][PASSED] - closeBrowser(): Browser is closed

2023-07-31 04:52:14 - [MESSAGE][PASSED] - Browser is closed]]></system-out>
         <system-err><![CDATA[]]></system-err>
      </testcase>
      <system-out><![CDATA[2023-07-31 04:51:13 - [TEST_SUITE][PASSED] - TS-login-logout: Test Cases/Reuse TC/RTC-02 logout]]></system-out>
      <system-err><![CDATA[]]></system-err>
   </testsuite>
</testsuites>
