<?xml version="1.0" encoding="UTF-8"?>
<testsuites name="TS-demo" time="115.922" tests="2" failures="0" errors="0">
   <testsuite name="TS-demo" tests="2" failures="0" errors="0" time="115.922" skipped="0" timestamp="2023-07-31 05:42:50" hostname="acer - anehsialan" id="Test Suites/TS-demo">
      <properties>
         <property name="deviceName" value=""/>
         <property name="devicePlatform" value=""/>
         <property name="logFolder" value="C:\\Users\\acer\\git\\webuitest\\Reports\\20230731_054238\\TS-demo\\20230731_054239"/>
         <property name="logFiles" value="C:\\Users\\acer\\git\\webuitest\\Reports\\20230731_054238\\TS-demo\\20230731_054239\\execution0.log"/>
         <property name="attachments" value=""/>
         <property name="hostName" value="acer - anehsialan"/>
         <property name="os" value="Windows 11 64bit"/>
         <property name="katalonVersion" value="8.6.5.208"/>
         <property name="browser" value="Chrome 115.0.0.0"/>
         <property name="hostAddress" value="192.168.56.170"/>
         <property name="sessionId" value="2e7a90a0608123a2332676d0c09f7f11"/>
         <property name="seleniumVersion" value="3.141.59"/>
         <property name="proxyInformation" value="ProxyInformation { proxyOption=NO_PROXY, proxyServerType=HTTP, username=, password=********, proxyServerAddress=, proxyServerPort=0, executionList=&quot;&quot;, isApplyToDesiredCapabilities=true }"/>
         <property name="platform" value="Windows 11"/>
      </properties>
      <testcase name="Test Cases/Booking" time="33.531" classname="Test Cases/Booking" status="PASSED">
         <system-out><![CDATA[2023-07-31 05:42:50 - [TEST_CASE][PASSED] - Test Cases/Booking: Test Cases/Booking

2023-07-31 05:42:50 - [TEST_STEP][PASSED] - callTestCase(findTestCase("Login"), [:], STOP_ON_FAILURE): Call Test Case 'Test Cases/Login' successfully

2023-07-31 05:42:51 - [TEST_CASE][PASSED] - Test Cases/Login: Test Cases/Login

2023-07-31 05:42:51 - [TEST_STEP][PASSED] - openBrowser(""): Browser is opened with url: ''

2023-07-31 05:42:51 - [MESSAGE][INFO] - Starting 'Chrome' driver

2023-07-31 05:42:51 - [MESSAGE][INFO] - Action delay is set to 1,000 milliseconds

2023-07-31 05:42:53 - [MESSAGE][PASSED] - Browser is opened with url: ''

2023-07-31 05:42:53 - [TEST_STEP][PASSED] - navigateToUrl("https://katalon-demo-cura.herokuapp.com/"): Navigate to 'https://katalon-demo-cura.herokuapp.com/' successfully

2023-07-31 05:42:57 - [MESSAGE][PASSED] - Navigate to 'https://katalon-demo-cura.herokuapp.com/' successfully

2023-07-31 05:42:57 - [TEST_STEP][PASSED] - click(findTestObject("Object Repository/Login-demo/Page_CURA Healthcare Service/h1_CURA Healthcare Service")): Object: 'Object Repository/Login-demo/Page_CURA Healthcare Service/h1_CURA Healthcare Service' is clicked on

2023-07-31 05:42:59 - [MESSAGE][PASSED] - Object: 'Object Repository/Login-demo/Page_CURA Healthcare Service/h1_CURA Healthcare Service' is clicked on

2023-07-31 05:42:59 - [TEST_STEP][PASSED] - click(findTestObject("Object Repository/Login-demo/Page_CURA Healthcare Service/a_Make Appointment")): Object: 'Object Repository/Login-demo/Page_CURA Healthcare Service/a_Make Appointment' is clicked on

2023-07-31 05:43:00 - [MESSAGE][PASSED] - Object: 'Object Repository/Login-demo/Page_CURA Healthcare Service/a_Make Appointment' is clicked on

2023-07-31 05:43:00 - [TEST_STEP][PASSED] - setText(findTestObject("Object Repository/Login-demo/Page_CURA Healthcare Service/input_Username_username"), "John Doe"): Text 'John Doe' is set on object 'Object Repository/Login-demo/Page_CURA Healthcare Service/input_Username_username'

2023-07-31 05:43:03 - [MESSAGE][PASSED] - Text 'John Doe' is set on object 'Object Repository/Login-demo/Page_CURA Healthcare Service/input_Username_username'

2023-07-31 05:43:03 - [TEST_STEP][PASSED] - setEncryptedText(findTestObject("Object Repository/Login-demo/Page_CURA Healthcare Service/input_Password_password"), "g3/DOGG74jC3Flrr3yH+3D/yKbOqqUNM"): Text ****** has been set on object 'Object Repository/Login-demo/Page_CURA Healthcare Service/input_Password_password'

2023-07-31 05:43:06 - [MESSAGE][PASSED] - Text ****** has been set on object 'Object Repository/Login-demo/Page_CURA Healthcare Service/input_Password_password'

2023-07-31 05:43:06 - [TEST_STEP][PASSED] - click(findTestObject("Object Repository/Login-demo/Page_CURA Healthcare Service/button_Login")): Object: 'Object Repository/Login-demo/Page_CURA Healthcare Service/button_Login' is clicked on

2023-07-31 05:43:08 - [MESSAGE][PASSED] - Object: 'Object Repository/Login-demo/Page_CURA Healthcare Service/button_Login' is clicked on

2023-07-31 05:43:08 - [TEST_STEP][PASSED] - click(findTestObject("Object Repository/Login-demo/Page_CURA Healthcare Service/a_CURA Healthcare_menu-toggle")): Object: 'Object Repository/Login-demo/Page_CURA Healthcare Service/a_CURA Healthcare_menu-toggle' is clicked on

2023-07-31 05:43:10 - [MESSAGE][PASSED] - Object: 'Object Repository/Login-demo/Page_CURA Healthcare Service/a_CURA Healthcare_menu-toggle' is clicked on

2023-07-31 05:43:10 - [TEST_STEP][PASSED] - verifyElementPresent(findTestObject("Object Repository/Login-demo/Page_CURA Healthcare Service/a_Logout"), 0): Object 'Object Repository/Login-demo/Page_CURA Healthcare Service/a_Logout' is present

2023-07-31 05:43:10 - [MESSAGE][WARNING] - Timeout '0' is invalid. Using default page load timeout: '30'

2023-07-31 05:43:10 - [MESSAGE][PASSED] - Object 'Object Repository/Login-demo/Page_CURA Healthcare Service/a_Logout' is present

2023-07-31 05:43:10 - [MESSAGE][PASSED] - Call Test Case 'Test Cases/Login' successfully

2023-07-31 05:43:10 - [TEST_STEP][PASSED] - click(findTestObject("Object Repository/Booking/Page_CURA Healthcare Service/label_Apply for hospital readmission")): Object: 'Object Repository/Booking/Page_CURA Healthcare Service/label_Apply for hospital readmission' is clicked on

2023-07-31 05:43:11 - [MESSAGE][PASSED] - Object: 'Object Repository/Booking/Page_CURA Healthcare Service/label_Apply for hospital readmission' is clicked on

2023-07-31 05:43:11 - [TEST_STEP][PASSED] - click(findTestObject("Object Repository/Booking/Page_CURA Healthcare Service/label_Medicaid")): Object: 'Object Repository/Booking/Page_CURA Healthcare Service/label_Medicaid' is clicked on

2023-07-31 05:43:13 - [MESSAGE][PASSED] - Object: 'Object Repository/Booking/Page_CURA Healthcare Service/label_Medicaid' is clicked on

2023-07-31 05:43:13 - [TEST_STEP][PASSED] - click(findTestObject("Object Repository/Booking/Page_CURA Healthcare Service/input_Visit Date (Required)_visit_date")): Object: 'Object Repository/Booking/Page_CURA Healthcare Service/input_Visit Date (Required)_visit_date' is clicked on

2023-07-31 05:43:14 - [MESSAGE][PASSED] - Object: 'Object Repository/Booking/Page_CURA Healthcare Service/input_Visit Date (Required)_visit_date' is clicked on

2023-07-31 05:43:14 - [TEST_STEP][PASSED] - click(findTestObject("Object Repository/Booking/Page_CURA Healthcare Service/td_3")): Object: 'Object Repository/Booking/Page_CURA Healthcare Service/td_3' is clicked on

2023-07-31 05:43:16 - [MESSAGE][PASSED] - Object: 'Object Repository/Booking/Page_CURA Healthcare Service/td_3' is clicked on

2023-07-31 05:43:16 - [TEST_STEP][PASSED] - setText(findTestObject("Object Repository/Booking/Page_CURA Healthcare Service/textarea_Comment_comment"), "Aku sakit hati tapi pacarku cantik dan baik"): Text 'Aku sakit hati tapi pacarku cantik dan baik' is set on object 'Object Repository/Booking/Page_CURA Healthcare Service/textarea_Comment_comment'

2023-07-31 05:43:19 - [MESSAGE][PASSED] - Text 'Aku sakit hati tapi pacarku cantik dan baik' is set on object 'Object Repository/Booking/Page_CURA Healthcare Service/textarea_Comment_comment'

2023-07-31 05:43:19 - [TEST_STEP][PASSED] - click(findTestObject("Object Repository/Booking/Page_CURA Healthcare Service/button_Book Appointment")): Object: 'Object Repository/Booking/Page_CURA Healthcare Service/button_Book Appointment' is clicked on

2023-07-31 05:43:21 - [MESSAGE][PASSED] - Object: 'Object Repository/Booking/Page_CURA Healthcare Service/button_Book Appointment' is clicked on

2023-07-31 05:43:21 - [TEST_STEP][PASSED] - navigateToUrl("https://katalon-demo-cura.herokuapp.com/appointment.php#summary"): Navigate to 'https://katalon-demo-cura.herokuapp.com/appointment.php#summary' successfully

2023-07-31 05:43:22 - [MESSAGE][PASSED] - Navigate to 'https://katalon-demo-cura.herokuapp.com/appointment.php#summary' successfully

2023-07-31 05:43:22 - [TEST_STEP][PASSED] - rightClick(findTestObject("Object Repository/Booking/Page_CURA Healthcare Service/a_Go to Homepage")): Object: 'Object Repository/Booking/Page_CURA Healthcare Service/a_Go to Homepage' is right clicked on

2023-07-31 05:43:22 - [MESSAGE][PASSED] - Object: 'Object Repository/Booking/Page_CURA Healthcare Service/a_Go to Homepage' is right clicked on

2023-07-31 05:43:22 - [TEST_STEP][PASSED] - rightClick(findTestObject("Object Repository/Booking/Page_CURA Healthcare Service/h2_Appointment Confirmation")): Object: 'Object Repository/Booking/Page_CURA Healthcare Service/h2_Appointment Confirmation' is right clicked on

2023-07-31 05:43:23 - [MESSAGE][PASSED] - Object: 'Object Repository/Booking/Page_CURA Healthcare Service/h2_Appointment Confirmation' is right clicked on

2023-07-31 05:43:23 - [TEST_STEP][PASSED] - verifyElementText(findTestObject("Object Repository/Booking/Page_CURA Healthcare Service/h2_Appointment Confirmation"), "Appointment Confirmation"): Actual text and expected text of test object 'Object Repository/Booking/Page_CURA Healthcare Service/h2_Appointment Confirmation' are matched.

2023-07-31 05:43:23 - [MESSAGE][PASSED] - Actual text and expected text of test object 'Object Repository/Booking/Page_CURA Healthcare Service/h2_Appointment Confirmation' are matched.

2023-07-31 05:43:23 - [TEST_STEP][PASSED] - closeBrowser(): Browser is closed

2023-07-31 05:43:24 - [MESSAGE][PASSED] - Browser is closed]]></system-out>
         <system-err><![CDATA[]]></system-err>
      </testcase>
      <testcase name="Test Cases/Login n Booking" time="82.107" classname="Test Cases/Login n Booking" status="PASSED">
         <system-out><![CDATA[2023-07-31 05:43:24 - [TEST_CASE][PASSED] - Test Cases/Login n Booking: Test Cases/Login n Booking

2023-07-31 05:43:24 - [TEST_STEP][PASSED] - openBrowser(""): Browser is opened with url: ''

2023-07-31 05:43:24 - [MESSAGE][INFO] - Starting 'Chrome' driver

2023-07-31 05:43:24 - [MESSAGE][INFO] - Action delay is set to 1,000 milliseconds

2023-07-31 05:43:25 - [MESSAGE][PASSED] - Browser is opened with url: ''

2023-07-31 05:43:25 - [TEST_STEP][PASSED] - navigateToUrl("https://katalon-demo-cura.herokuapp.com/"): Navigate to 'https://katalon-demo-cura.herokuapp.com/' successfully

2023-07-31 05:44:14 - [MESSAGE][PASSED] - Navigate to 'https://katalon-demo-cura.herokuapp.com/' successfully

2023-07-31 05:44:14 - [TEST_STEP][PASSED] - verifyElementText(findTestObject("Object Repository/Login-Booking/Page_CURA Healthcare Service/h1_CURA Healthcare Service"), "CURA Healthcare Service"): Actual text and expected text of test object 'Object Repository/Login-Booking/Page_CURA Healthcare Service/h1_CURA Healthcare Service' are matched.

2023-07-31 05:44:14 - [MESSAGE][PASSED] - Actual text and expected text of test object 'Object Repository/Login-Booking/Page_CURA Healthcare Service/h1_CURA Healthcare Service' are matched.

2023-07-31 05:44:14 - [TEST_STEP][PASSED] - verifyElementText(findTestObject("Object Repository/Login-Booking/Page_CURA Healthcare Service/a_Make Appointment"), "Make Appointment"): Actual text and expected text of test object 'Object Repository/Login-Booking/Page_CURA Healthcare Service/a_Make Appointment' are matched.

2023-07-31 05:44:14 - [MESSAGE][PASSED] - Actual text and expected text of test object 'Object Repository/Login-Booking/Page_CURA Healthcare Service/a_Make Appointment' are matched.

2023-07-31 05:44:14 - [TEST_STEP][PASSED] - click(findTestObject("Object Repository/Login-Booking/Page_CURA Healthcare Service/a_Make Appointment")): Object: 'Object Repository/Login-Booking/Page_CURA Healthcare Service/a_Make Appointment' is clicked on

2023-07-31 05:44:20 - [MESSAGE][PASSED] - Object: 'Object Repository/Login-Booking/Page_CURA Healthcare Service/a_Make Appointment' is clicked on

2023-07-31 05:44:20 - [TEST_STEP][PASSED] - setText(findTestObject("Object Repository/Login-Booking/Page_CURA Healthcare Service/input_Username_username"), "John Doe"): Text 'John Doe' is set on object 'Object Repository/Login-Booking/Page_CURA Healthcare Service/input_Username_username'

2023-07-31 05:44:23 - [MESSAGE][PASSED] - Text 'John Doe' is set on object 'Object Repository/Login-Booking/Page_CURA Healthcare Service/input_Username_username'

2023-07-31 05:44:23 - [TEST_STEP][PASSED] - setEncryptedText(findTestObject("Object Repository/Login-Booking/Page_CURA Healthcare Service/input_Password_password"), "g3/DOGG74jC3Flrr3yH+3D/yKbOqqUNM"): Text ****** has been set on object 'Object Repository/Login-Booking/Page_CURA Healthcare Service/input_Password_password'

2023-07-31 05:44:25 - [MESSAGE][PASSED] - Text ****** has been set on object 'Object Repository/Login-Booking/Page_CURA Healthcare Service/input_Password_password'

2023-07-31 05:44:25 - [TEST_STEP][PASSED] - sendKeys(findTestObject("Object Repository/Login-Booking/Page_CURA Healthcare Service/input_Password_password"), Keys.chord(ENTER)): Keys 'ENTER + ' sent to object: 'Object Repository/Login-Booking/Page_CURA Healthcare Service/input_Password_password'

2023-07-31 05:44:29 - [MESSAGE][PASSED] - Keys 'ENTER + ' sent to object: 'Object Repository/Login-Booking/Page_CURA Healthcare Service/input_Password_password'

2023-07-31 05:44:29 - [TEST_STEP][PASSED] - click(findTestObject("Object Repository/Login-Booking/Page_CURA Healthcare Service/label_Apply for hospital readmission")): Object: 'Object Repository/Login-Booking/Page_CURA Healthcare Service/label_Apply for hospital readmission' is clicked on

2023-07-31 05:44:30 - [MESSAGE][PASSED] - Object: 'Object Repository/Login-Booking/Page_CURA Healthcare Service/label_Apply for hospital readmission' is clicked on

2023-07-31 05:44:30 - [TEST_STEP][PASSED] - click(findTestObject("Object Repository/Login-Booking/Page_CURA Healthcare Service/label_None")): Object: 'Object Repository/Login-Booking/Page_CURA Healthcare Service/label_None' is clicked on

2023-07-31 05:44:31 - [MESSAGE][PASSED] - Object: 'Object Repository/Login-Booking/Page_CURA Healthcare Service/label_None' is clicked on

2023-07-31 05:44:31 - [TEST_STEP][PASSED] - click(findTestObject("Object Repository/Login-Booking/Page_CURA Healthcare Service/input_Medicaid_programs")): Object: 'Object Repository/Login-Booking/Page_CURA Healthcare Service/input_Medicaid_programs' is clicked on

2023-07-31 05:44:33 - [MESSAGE][PASSED] - Object: 'Object Repository/Login-Booking/Page_CURA Healthcare Service/input_Medicaid_programs' is clicked on

2023-07-31 05:44:33 - [TEST_STEP][PASSED] - click(findTestObject("Object Repository/Login-Booking/Page_CURA Healthcare Service/input_Visit Date (Required)_visit_date")): Object: 'Object Repository/Login-Booking/Page_CURA Healthcare Service/input_Visit Date (Required)_visit_date' is clicked on

2023-07-31 05:44:34 - [MESSAGE][PASSED] - Object: 'Object Repository/Login-Booking/Page_CURA Healthcare Service/input_Visit Date (Required)_visit_date' is clicked on

2023-07-31 05:44:34 - [TEST_STEP][PASSED] - click(findTestObject("Object Repository/Login-Booking/Page_CURA Healthcare Service/td_30")): Object: 'Object Repository/Login-Booking/Page_CURA Healthcare Service/td_30' is clicked on

2023-07-31 05:44:36 - [MESSAGE][PASSED] - Object: 'Object Repository/Login-Booking/Page_CURA Healthcare Service/td_30' is clicked on

2023-07-31 05:44:36 - [TEST_STEP][PASSED] - click(findTestObject("Object Repository/Login-Booking/Page_CURA Healthcare Service/td_31")): Object: 'Object Repository/Login-Booking/Page_CURA Healthcare Service/td_31' is clicked on

2023-07-31 05:44:37 - [MESSAGE][PASSED] - Object: 'Object Repository/Login-Booking/Page_CURA Healthcare Service/td_31' is clicked on

2023-07-31 05:44:37 - [TEST_STEP][PASSED] - setText(findTestObject("Object Repository/Login-Booking/Page_CURA Healthcare Service/textarea_Comment_comment"), "sakit nih"): Text 'sakit nih' is set on object 'Object Repository/Login-Booking/Page_CURA Healthcare Service/textarea_Comment_comment'

2023-07-31 05:44:40 - [MESSAGE][PASSED] - Text 'sakit nih' is set on object 'Object Repository/Login-Booking/Page_CURA Healthcare Service/textarea_Comment_comment'

2023-07-31 05:44:40 - [TEST_STEP][PASSED] - click(findTestObject("Object Repository/Login-Booking/Page_CURA Healthcare Service/button_Book Appointment")): Object: 'Object Repository/Login-Booking/Page_CURA Healthcare Service/button_Book Appointment' is clicked on

2023-07-31 05:44:43 - [MESSAGE][PASSED] - Object: 'Object Repository/Login-Booking/Page_CURA Healthcare Service/button_Book Appointment' is clicked on

2023-07-31 05:44:43 - [TEST_STEP][PASSED] - verifyElementText(findTestObject("Object Repository/Login-Booking/Page_CURA Healthcare Service/h2_Appointment Confirmation"), "Appointment Confirmation"): Actual text and expected text of test object 'Object Repository/Login-Booking/Page_CURA Healthcare Service/h2_Appointment Confirmation' are matched.

2023-07-31 05:44:44 - [MESSAGE][PASSED] - Actual text and expected text of test object 'Object Repository/Login-Booking/Page_CURA Healthcare Service/h2_Appointment Confirmation' are matched.

2023-07-31 05:44:44 - [TEST_STEP][PASSED] - verifyElementText(findTestObject("Object Repository/Login-Booking/Page_CURA Healthcare Service/p_Tokyo CURA Healthcare Center"), "Tokyo CURA Healthcare Center"): Actual text and expected text of test object 'Object Repository/Login-Booking/Page_CURA Healthcare Service/p_Tokyo CURA Healthcare Center' are matched.

2023-07-31 05:44:44 - [MESSAGE][PASSED] - Actual text and expected text of test object 'Object Repository/Login-Booking/Page_CURA Healthcare Service/p_Tokyo CURA Healthcare Center' are matched.

2023-07-31 05:44:44 - [TEST_STEP][PASSED] - click(findTestObject("Object Repository/Login-Booking/Page_CURA Healthcare Service/a_Go to Homepage")): Object: 'Object Repository/Login-Booking/Page_CURA Healthcare Service/a_Go to Homepage' is clicked on

2023-07-31 05:44:46 - [MESSAGE][PASSED] - Object: 'Object Repository/Login-Booking/Page_CURA Healthcare Service/a_Go to Homepage' is clicked on]]></system-out>
         <system-err><![CDATA[]]></system-err>
      </testcase>
      <system-out><![CDATA[2023-07-31 05:42:50 - [TEST_SUITE][PASSED] - TS-demo: Test Cases/Login n Booking]]></system-out>
      <system-err><![CDATA[]]></system-err>
   </testsuite>
</testsuites>
